[13-Nov-2024 14:13:37 UTC] Iniciando búsqueda de canción en Spotify
[13-Nov-2024 14:13:37 UTC] Nombre de canción recibido: MAMACITA
[13-Nov-2024 14:13:37 UTC] Buscando canción: MAMACITA
[13-Nov-2024 14:13:37 UTC] PHP Fatal error:  Uncaught Error: Call to undefined function curl_init() in /opt/lampp/htdocs/MVC_Proyecto-Elegans/Helpers/SpotifyHelper.php:166
Stack trace:
#0 /opt/lampp/htdocs/MVC_Proyecto-Elegans/test_spotify.php(28): SpotifyHelper->searchSpotifyTrack()
#1 {main}
  thrown in /opt/lampp/htdocs/MVC_Proyecto-Elegans/Helpers/SpotifyHelper.php on line 166
[13-Nov-2024 14:20:38 UTC] Iniciando búsqueda de canción en Spotify
[13-Nov-2024 14:20:38 UTC] Nombre de canción recibido: drunk text
[13-Nov-2024 14:20:38 UTC] Buscando canción: drunk text
[13-Nov-2024 14:20:38 UTC] PHP Fatal error:  Uncaught Error: Call to undefined function curl_init() in /opt/lampp/htdocs/MVC_Proyecto-Elegans/Helpers/SpotifyHelper.php:166
Stack trace:
#0 /opt/lampp/htdocs/MVC_Proyecto-Elegans/test_spotify.php(28): SpotifyHelper->searchSpotifyTrack()
#1 {main}
  thrown in /opt/lampp/htdocs/MVC_Proyecto-Elegans/Helpers/SpotifyHelper.php on line 166
[13-Nov-2024 14:57:09 UTC] Iniciando búsqueda de canción en Spotify
[13-Nov-2024 14:57:09 UTC] Nombre de canción recibido: drunk text
[13-Nov-2024 14:57:09 UTC] Buscando canción: drunk text
[13-Nov-2024 14:57:09 UTC] PHP Fatal error:  Uncaught Error: Call to undefined function curl_init() in /opt/lampp/htdocs/MVC_Proyecto-Elegans/Helpers/SpotifyHelper.php:166
Stack trace:
#0 /opt/lampp/htdocs/MVC_Proyecto-Elegans/test_spotify.php(28): SpotifyHelper->searchSpotifyTrack()
#1 {main}
  thrown in /opt/lampp/htdocs/MVC_Proyecto-Elegans/Helpers/SpotifyHelper.php on line 166
[13-Nov-2024 14:58:13 UTC] PHP Warning:  require_once(/opt/lampp/htdocs/MVC_Proyecto-ElegansHelpers/SpotifyHelper.php): Failed to open stream: No such file or directory in /opt/lampp/htdocs/MVC_Proyecto-Elegans/test_spotify.php on line 10
[13-Nov-2024 14:58:13 UTC] PHP Fatal error:  Uncaught Error: Failed opening required '/opt/lampp/htdocs/MVC_Proyecto-ElegansHelpers/SpotifyHelper.php' (include_path='.:/usr/share/php') in /opt/lampp/htdocs/MVC_Proyecto-Elegans/test_spotify.php:10
Stack trace:
#0 {main}
  thrown in /opt/lampp/htdocs/MVC_Proyecto-Elegans/test_spotify.php on line 10
[13-Nov-2024 15:02:19 UTC] PHP Warning:  require_once(/opt/lampp/htdocs/MVC_Proyecto-ElegansHelpers/SpotifyHelper.php): Failed to open stream: No such file or directory in /opt/lampp/htdocs/MVC_Proyecto-Elegans/test_spotify.php on line 10
[13-Nov-2024 15:02:19 UTC] PHP Fatal error:  Uncaught Error: Failed opening required '/opt/lampp/htdocs/MVC_Proyecto-ElegansHelpers/SpotifyHelper.php' (include_path='.:/usr/share/php') in /opt/lampp/htdocs/MVC_Proyecto-Elegans/test_spotify.php:10
Stack trace:
#0 {main}
  thrown in /opt/lampp/htdocs/MVC_Proyecto-Elegans/test_spotify.php on line 10
[13-Nov-2024 15:06:18 UTC] Iniciando búsqueda de canción en Spotify
[13-Nov-2024 15:06:18 UTC] Nombre de canción recibido: MAMACITA
[13-Nov-2024 15:06:18 UTC] Buscando canción: MAMACITA
[13-Nov-2024 15:06:18 UTC] PHP Fatal error:  Uncaught Error: Call to undefined function curl_init() in /opt/lampp/htdocs/MVC_Proyecto-Elegans/Helpers/SpotifyHelper.php:166
Stack trace:
#0 /opt/lampp/htdocs/MVC_Proyecto-Elegans/test_spotify.php(28): SpotifyHelper->searchSpotifyTrack()
#1 {main}
  thrown in /opt/lampp/htdocs/MVC_Proyecto-Elegans/Helpers/SpotifyHelper.php on line 166
[13-Nov-2024 15:19:16 UTC] Iniciando búsqueda de canción en Spotify
[13-Nov-2024 15:19:16 UTC] Nombre de canción recibido: MAMACITA
[13-Nov-2024 15:19:16 UTC] Buscando canción: MAMACITA
[13-Nov-2024 15:19:16 UTC] PHP Fatal error:  Uncaught Error: Call to undefined function curl_init() in /opt/lampp/htdocs/MVC_Proyecto-Elegans/Helpers/SpotifyHelper.php:166
Stack trace:
#0 /opt/lampp/htdocs/MVC_Proyecto-Elegans/test_spotify.php(28): SpotifyHelper->searchSpotifyTrack()
#1 {main}
  thrown in /opt/lampp/htdocs/MVC_Proyecto-Elegans/Helpers/SpotifyHelper.php on line 166
[13-Nov-2024 15:30:43 UTC] Iniciando búsqueda de canción en Spotify
[13-Nov-2024 15:30:43 UTC] Nombre de canción recibido: 
[13-Nov-2024 15:30:43 UTC] Error en test_spotify.php: El nombre de la canción es requerido.
[13-Nov-2024 15:31:05 UTC] Iniciando búsqueda de canción en Spotify
[13-Nov-2024 15:31:05 UTC] Nombre de canción recibido: 
[13-Nov-2024 15:31:05 UTC] Error en test_spotify.php: El nombre de la canción es requerido.
[13-Nov-2024 15:31:06 UTC] Iniciando búsqueda de canción en Spotify
[13-Nov-2024 15:31:06 UTC] Nombre de canción recibido: 
[13-Nov-2024 15:31:06 UTC] Error en test_spotify.php: El nombre de la canción es requerido.
[18-Nov-2024 21:27:53 Europe/Berlin] Iniciando búsqueda de canción en Spotify
[18-Nov-2024 21:27:53 Europe/Berlin] Nombre de canción recibido: MAMACITA
[18-Nov-2024 21:27:53 Europe/Berlin] Buscando canción: MAMACITA
[18-Nov-2024 21:27:53 Europe/Berlin] Resultados encontrados: 10
[18-Nov-2024 21:37:26 Europe/Berlin] Iniciando búsqueda de canción en Spotify
[18-Nov-2024 21:37:26 Europe/Berlin] Nombre de canción recibido: GOOGLE ME
[18-Nov-2024 21:37:26 Europe/Berlin] Buscando canción: GOOGLE ME
[18-Nov-2024 21:37:27 Europe/Berlin] Resultados encontrados: 10
[18-Nov-2024 22:21:45 Europe/Berlin] Iniciando búsqueda de canción en Spotify
[18-Nov-2024 22:21:45 Europe/Berlin] Nombre de canción recibido: Into It
[18-Nov-2024 22:21:45 Europe/Berlin] Buscando canción: Into It
[18-Nov-2024 22:21:46 Europe/Berlin] Resultados encontrados: 10
[21-Nov-2024 21:09:46 Europe/Berlin] Iniciando búsqueda de canción en Spotify
[21-Nov-2024 21:09:46 Europe/Berlin] Nombre de canción recibido: MAMACITA
[21-Nov-2024 21:09:46 Europe/Berlin] Buscando canción: MAMACITA
[21-Nov-2024 21:09:48 Europe/Berlin] Resultados encontrados: 10
[25-Nov-2024 17:27:58 Europe/Berlin] PHP Deprecated:  Using ${var} in strings is deprecated, use {$var} instead in /opt/lampp/htdocs/MVC_Proyecto-Elegans/Helpers/SpotifyHelper.php on line 235
[25-Nov-2024 17:27:58 Europe/Berlin] PHP Deprecated:  Using ${var} in strings is deprecated, use {$var} instead in /opt/lampp/htdocs/MVC_Proyecto-Elegans/Helpers/SpotifyHelper.php on line 238
[25-Nov-2024 17:27:58 Europe/Berlin] Iniciando búsqueda de canción en Spotify
[25-Nov-2024 17:27:58 Europe/Berlin] Nombre de canción recibido: Thousand Foot Krutch: Fly On The Wall
[25-Nov-2024 17:27:58 Europe/Berlin] Buscando canción: Thousand Foot Krutch: Fly On The Wall
[25-Nov-2024 17:28:04 Europe/Berlin] Resultados encontrados: 10
[25-Nov-2024 17:28:09 Europe/Berlin] PHP Deprecated:  Using ${var} in strings is deprecated, use {$var} instead in /opt/lampp/htdocs/MVC_Proyecto-Elegans/Helpers/SpotifyHelper.php on line 235
[25-Nov-2024 17:28:09 Europe/Berlin] PHP Deprecated:  Using ${var} in strings is deprecated, use {$var} instead in /opt/lampp/htdocs/MVC_Proyecto-Elegans/Helpers/SpotifyHelper.php on line 238
[25-Nov-2024 17:28:09 Europe/Berlin] Iniciando búsqueda de canción en Spotify
[25-Nov-2024 17:28:09 Europe/Berlin] Nombre de canción recibido: Fly On The Wall
[25-Nov-2024 17:28:09 Europe/Berlin] Buscando canción: Fly On The Wall
[25-Nov-2024 17:28:10 Europe/Berlin] Resultados encontrados: 10
[25-Nov-2024 17:28:17 Europe/Berlin] PHP Deprecated:  Using ${var} in strings is deprecated, use {$var} instead in /opt/lampp/htdocs/MVC_Proyecto-Elegans/Helpers/SpotifyHelper.php on line 235
[25-Nov-2024 17:28:17 Europe/Berlin] PHP Deprecated:  Using ${var} in strings is deprecated, use {$var} instead in /opt/lampp/htdocs/MVC_Proyecto-Elegans/Helpers/SpotifyHelper.php on line 238
[25-Nov-2024 17:28:17 Europe/Berlin] Iniciando búsqueda de canción en Spotify
[25-Nov-2024 17:28:17 Europe/Berlin] Nombre de canción recibido: Fly On The Wall
[25-Nov-2024 17:28:17 Europe/Berlin] Buscando canción: Fly On The Wall
[25-Nov-2024 17:28:17 Europe/Berlin] Resultados encontrados: 10
[25-Nov-2024 17:28:19 Europe/Berlin] PHP Deprecated:  Using ${var} in strings is deprecated, use {$var} instead in /opt/lampp/htdocs/MVC_Proyecto-Elegans/Helpers/SpotifyHelper.php on line 235
[25-Nov-2024 17:28:19 Europe/Berlin] PHP Deprecated:  Using ${var} in strings is deprecated, use {$var} instead in /opt/lampp/htdocs/MVC_Proyecto-Elegans/Helpers/SpotifyHelper.php on line 238
[25-Nov-2024 17:28:19 Europe/Berlin] Iniciando búsqueda de canción en Spotify
[25-Nov-2024 17:28:19 Europe/Berlin] Nombre de canción recibido: Fly On The Wall
[25-Nov-2024 17:28:19 Europe/Berlin] Buscando canción: Fly On The Wall
[25-Nov-2024 17:28:19 Europe/Berlin] Resultados encontrados: 10
[25-Nov-2024 17:28:31 Europe/Berlin] PHP Deprecated:  Using ${var} in strings is deprecated, use {$var} instead in /opt/lampp/htdocs/MVC_Proyecto-Elegans/Helpers/SpotifyHelper.php on line 235
[25-Nov-2024 17:28:31 Europe/Berlin] PHP Deprecated:  Using ${var} in strings is deprecated, use {$var} instead in /opt/lampp/htdocs/MVC_Proyecto-Elegans/Helpers/SpotifyHelper.php on line 238
[25-Nov-2024 17:28:31 Europe/Berlin] Iniciando búsqueda de canción en Spotify
[25-Nov-2024 17:28:31 Europe/Berlin] Nombre de canción recibido: Fly On The Wall
[25-Nov-2024 17:28:31 Europe/Berlin] Buscando canción: Fly On The Wall
[25-Nov-2024 17:28:31 Europe/Berlin] Resultados encontrados: 10
[02-Dec-2024 17:00:50 Europe/Berlin] Iniciando búsqueda de canción en Spotify
[02-Dec-2024 17:00:50 Europe/Berlin] Nombre de canción recibido: MAMACITA
[02-Dec-2024 17:00:50 Europe/Berlin] Buscando canción: MAMACITA
[02-Dec-2024 17:00:51 Europe/Berlin] Resultados encontrados: 10
[08-Jan-2025 03:29:15 UTC] Iniciando búsqueda de canción en Spotify
[08-Jan-2025 03:29:15 UTC] Nombre de canción recibido: stellar
[08-Jan-2025 03:29:15 UTC] Buscando canción: stellar
[08-Jan-2025 03:29:15 UTC] Resultados encontrados: 10
[15-Jan-2025 13:49:11 UTC] Iniciando búsqueda de canción en Spotify
[15-Jan-2025 13:49:11 UTC] Nombre de canción recibido: MAMACITA
[15-Jan-2025 13:49:11 UTC] Buscando canción: MAMACITA
[15-Jan-2025 13:49:12 UTC] Resultados encontrados: 10
[15-Jan-2025 15:55:50 UTC] Iniciando búsqueda de canción en Spotify
[15-Jan-2025 15:55:50 UTC] Nombre de canción recibido: MAN WITH A MISSION×milet
[15-Jan-2025 15:55:50 UTC] Buscando canción: MAN WITH A MISSION×milet
[15-Jan-2025 15:55:50 UTC] Resultados encontrados: 10
[16-Jan-2025 00:04:55 Europe/Berlin] Iniciando búsqueda de canción en Spotify
[16-Jan-2025 00:04:55 Europe/Berlin] Nombre de canción recibido: el bombillo rojo
[16-Jan-2025 00:04:55 Europe/Berlin] Buscando canción: el bombillo rojo
[16-Jan-2025 00:04:57 Europe/Berlin] Resultados encontrados: 10
[16-Jan-2025 15:53:51 Europe/Berlin] Iniciando búsqueda de canción en Spotify
[16-Jan-2025 15:53:51 Europe/Berlin] Nombre de canción recibido: Black Rover
[16-Jan-2025 15:53:51 Europe/Berlin] Buscando canción: Black Rover
[16-Jan-2025 15:53:53 Europe/Berlin] Resultados encontrados: 10
[21-Jan-2025 14:38:27 Europe/Berlin] Iniciando búsqueda de canción en Spotify
[21-Jan-2025 14:38:27 Europe/Berlin] Nombre de canción recibido: over
[21-Jan-2025 14:38:27 Europe/Berlin] Buscando canción: over
[21-Jan-2025 14:38:29 Europe/Berlin] Resultados encontrados: 10
[21-Jan-2025 14:47:33 Europe/Berlin] Iniciando búsqueda de canción en Spotify
[21-Jan-2025 14:47:33 Europe/Berlin] Nombre de canción recibido: who is superstar
[21-Jan-2025 14:47:33 Europe/Berlin] Buscando canción: who is superstar
[21-Jan-2025 14:47:35 Europe/Berlin] Resultados encontrados: 10
[21-Jan-2025 18:15:07 Europe/Berlin] Iniciando búsqueda de canción en Spotify
[21-Jan-2025 18:15:07 Europe/Berlin] Nombre de canción recibido: UN X100TO
[21-Jan-2025 18:15:07 Europe/Berlin] Buscando canción: UN X100TO
[21-Jan-2025 18:15:09 Europe/Berlin] Resultados encontrados: 10
[21-Jan-2025 18:26:01 Europe/Berlin] Iniciando búsqueda de canción en Spotify
[21-Jan-2025 18:26:01 Europe/Berlin] Nombre de canción recibido: Mi Bello Angel
[21-Jan-2025 18:26:01 Europe/Berlin] Buscando canción: Mi Bello Angel
[21-Jan-2025 18:26:03 Europe/Berlin] Resultados encontrados: 10
[22-Jan-2025 17:54:18 Europe/Berlin] Iniciando búsqueda de canción en Spotify
[22-Jan-2025 17:54:18 Europe/Berlin] Nombre de canción recibido: el bombillo rojo
[22-Jan-2025 17:54:18 Europe/Berlin] Buscando canción: el bombillo rojo
[22-Jan-2025 17:54:20 Europe/Berlin] Resultados encontrados: 10
[22-Jan-2025 21:45:39 Europe/Berlin] Iniciando búsqueda de canción en Spotify
[22-Jan-2025 21:45:39 Europe/Berlin] Nombre de canción recibido: el bombillo rojo
[22-Jan-2025 21:45:39 Europe/Berlin] Buscando canción: el bombillo rojo
[22-Jan-2025 21:45:41 Europe/Berlin] Resultados encontrados: 10
[29-Jan-2025 11:01:45 UTC] Iniciando búsqueda de canción en Spotify
[29-Jan-2025 11:01:45 UTC] Nombre de canción recibido: Re:Re:
[29-Jan-2025 11:01:45 UTC] Buscando canción: Re:Re:
[29-Jan-2025 11:01:45 UTC] Resultados encontrados: 10
[29-Jan-2025 11:02:30 UTC] Iniciando búsqueda de canción en Spotify
[29-Jan-2025 11:02:30 UTC] Nombre de canción recibido: Blue Encount
[29-Jan-2025 11:02:30 UTC] Buscando canción: Blue Encount
[29-Jan-2025 11:02:30 UTC] Resultados encontrados: 10
[29-Jan-2025 11:03:50 UTC] Iniciando búsqueda de canción en Spotify
[29-Jan-2025 11:03:50 UTC] Nombre de canción recibido: Closer
[29-Jan-2025 11:03:50 UTC] Buscando canción: Closer
[29-Jan-2025 11:03:51 UTC] Resultados encontrados: 10
[29-Jan-2025 11:04:41 UTC] Iniciando búsqueda de canción en Spotify
[29-Jan-2025 11:04:41 UTC] Nombre de canción recibido: CLOSER
[29-Jan-2025 11:04:41 UTC] Buscando canción: CLOSER
[29-Jan-2025 11:04:42 UTC] Resultados encontrados: 10
